<?xml version="1.0" encoding="UTF-8"?>
<testsuite name="baseline.ItemTest" tests="1" skipped="0" failures="0" errors="0" timestamp="2021-11-08T04:40:54" hostname="DESKTOP-SC6FN58" time="0.039">
  <properties/>
  <testcase name="testGetters()" classname="baseline.ItemTest" time="0.039"/>
  <system-out><![CDATA[]]></system-out>
  <system-err><![CDATA[]]></system-err>
</testsuite>
